# ../libvpxsrc/configure 
  enabling vp8_encoder
  enabling vp8_decoder
  enabling vp9_encoder
  enabling vp9_decoder
Configuring for target 'x86_64-linux-gcc'
  enabling x86_64
check_cpp
BEGIN /tmp/vpx-conf-239112-24883.c
     1	#if !defined(__ILP32__) || !defined(__x86_64__)
     2	#error "not x32"
     3	#endif
END /tmp/vpx-conf-239112-24883.c
gcc -E -o /tmp/vpx-conf-239112-24883.o /tmp/vpx-conf-239112-24883.c
/tmp/vpx-conf-239112-24883.c:2:2: error: #error "not x32"
    2 | #error "not x32"
      |  ^~~~~
  enabling runtime_cpu_detect
check_cflags -mmmx
check_cc -Werror -mmmx
BEGIN /tmp/vpx-conf-239112-24883.c
     1	int x;
END /tmp/vpx-conf-239112-24883.c
gcc -m64 -Werror -mmmx -c -o /tmp/vpx-conf-239112-24883.o /tmp/vpx-conf-239112-24883.c
  enabling mmx
check_cflags -msse
check_cc -Werror -msse
BEGIN /tmp/vpx-conf-239112-24883.c
     1	int x;
END /tmp/vpx-conf-239112-24883.c
gcc -m64 -Werror -msse -c -o /tmp/vpx-conf-239112-24883.o /tmp/vpx-conf-239112-24883.c
  enabling sse
check_cflags -msse2
check_cc -Werror -msse2
BEGIN /tmp/vpx-conf-239112-24883.c
     1	int x;
END /tmp/vpx-conf-239112-24883.c
gcc -m64 -Werror -msse2 -c -o /tmp/vpx-conf-239112-24883.o /tmp/vpx-conf-239112-24883.c
  enabling sse2
check_cflags -msse3
check_cc -Werror -msse3
BEGIN /tmp/vpx-conf-239112-24883.c
     1	int x;
END /tmp/vpx-conf-239112-24883.c
gcc -m64 -Werror -msse3 -c -o /tmp/vpx-conf-239112-24883.o /tmp/vpx-conf-239112-24883.c
  enabling sse3
check_cflags -mssse3
check_cc -Werror -mssse3
BEGIN /tmp/vpx-conf-239112-24883.c
     1	int x;
END /tmp/vpx-conf-239112-24883.c
gcc -m64 -Werror -mssse3 -c -o /tmp/vpx-conf-239112-24883.o /tmp/vpx-conf-239112-24883.c
  enabling ssse3
check_cflags -msse4
check_cc -Werror -msse4
BEGIN /tmp/vpx-conf-239112-24883.c
     1	int x;
END /tmp/vpx-conf-239112-24883.c
gcc -m64 -Werror -msse4 -c -o /tmp/vpx-conf-239112-24883.o /tmp/vpx-conf-239112-24883.c
  enabling sse4_1
check_cflags -mavx
check_cc -Werror -mavx
BEGIN /tmp/vpx-conf-239112-24883.c
     1	int x;
END /tmp/vpx-conf-239112-24883.c
gcc -m64 -Werror -mavx -c -o /tmp/vpx-conf-239112-24883.o /tmp/vpx-conf-239112-24883.c
  enabling avx
check_cflags -mavx2
check_cc -Werror -mavx2
BEGIN /tmp/vpx-conf-239112-24883.c
     1	int x;
END /tmp/vpx-conf-239112-24883.c
gcc -m64 -Werror -mavx2 -c -o /tmp/vpx-conf-239112-24883.o /tmp/vpx-conf-239112-24883.c
  enabling avx2
check_cflags -mavx512f -mavx512cd -mavx512bw -mavx512dq -mavx512vl
check_cc -Werror -mavx512f -mavx512cd -mavx512bw -mavx512dq -mavx512vl
BEGIN /tmp/vpx-conf-239112-24883.c
     1	int x;
END /tmp/vpx-conf-239112-24883.c
gcc -m64 -Werror -mavx512f -mavx512cd -mavx512bw -mavx512dq -mavx512vl -c -o /tmp/vpx-conf-239112-24883.o /tmp/vpx-conf-239112-24883.c
  enabling avx512
check_cc -mavx512f
BEGIN /tmp/vpx-conf-239112-24883.c
     1	#include <immintrin.h>
     2	void f(void) {
     3	  __m512i x = _mm512_set1_epi16(0);
     4	  (void)x;
     5	}
END /tmp/vpx-conf-239112-24883.c
gcc -m64 -mavx512f -c -o /tmp/vpx-conf-239112-24883.o /tmp/vpx-conf-239112-24883.c
  using yasm
check_cxxflags -DNDEBUG
check_cxx -Werror -DNDEBUG
BEGIN /tmp/vpx-conf-239112-24883.cc
     1	int x;
END /tmp/vpx-conf-239112-24883.cc
g++ -m64 -Werror -DNDEBUG -c -o /tmp/vpx-conf-239112-24883.o /tmp/vpx-conf-239112-24883.cc
check_cflags -DNDEBUG
check_cc -Werror -DNDEBUG
BEGIN /tmp/vpx-conf-239112-24883.c
     1	int x;
END /tmp/vpx-conf-239112-24883.c
gcc -m64 -Werror -DNDEBUG -c -o /tmp/vpx-conf-239112-24883.o /tmp/vpx-conf-239112-24883.c
check_cxxflags -O3
check_cxx -Werror -O3
BEGIN /tmp/vpx-conf-239112-24883.cc
     1	int x;
END /tmp/vpx-conf-239112-24883.cc
g++ -m64 -DNDEBUG -Werror -O3 -c -o /tmp/vpx-conf-239112-24883.o /tmp/vpx-conf-239112-24883.cc
check_cflags -O3
check_cc -Werror -O3
BEGIN /tmp/vpx-conf-239112-24883.c
     1	int x;
END /tmp/vpx-conf-239112-24883.c
gcc -m64 -DNDEBUG -Werror -O3 -c -o /tmp/vpx-conf-239112-24883.o /tmp/vpx-conf-239112-24883.c
check_cxxflags -U_FORTIFY_SOURCE -D_FORTIFY_SOURCE=0
check_cxx -Werror -U_FORTIFY_SOURCE -D_FORTIFY_SOURCE=0
BEGIN /tmp/vpx-conf-239112-24883.cc
     1	int x;
END /tmp/vpx-conf-239112-24883.cc
g++ -m64 -DNDEBUG -O3 -Werror -U_FORTIFY_SOURCE -D_FORTIFY_SOURCE=0 -c -o /tmp/vpx-conf-239112-24883.o /tmp/vpx-conf-239112-24883.cc
check_cflags -U_FORTIFY_SOURCE -D_FORTIFY_SOURCE=0
check_cc -Werror -U_FORTIFY_SOURCE -D_FORTIFY_SOURCE=0
BEGIN /tmp/vpx-conf-239112-24883.c
     1	int x;
END /tmp/vpx-conf-239112-24883.c
gcc -m64 -DNDEBUG -O3 -Werror -U_FORTIFY_SOURCE -D_FORTIFY_SOURCE=0 -c -o /tmp/vpx-conf-239112-24883.o /tmp/vpx-conf-239112-24883.c
check_cc
BEGIN /tmp/vpx-conf-239112-24883.c
     1	unsigned int e = 'O'<<24 | '2'<<16 | 'B'<<8 | 'E';
END /tmp/vpx-conf-239112-24883.c
gcc -m64 -DNDEBUG -O3 -U_FORTIFY_SOURCE -D_FORTIFY_SOURCE=0 -c -o /tmp/vpx-conf-239112-24883.o /tmp/vpx-conf-239112-24883.c
check_cc
BEGIN /tmp/vpx-conf-239112-24883.c
     1	static inline function() {}
END /tmp/vpx-conf-239112-24883.c
gcc -m64 -DNDEBUG -O3 -U_FORTIFY_SOURCE -D_FORTIFY_SOURCE=0 -c -o /tmp/vpx-conf-239112-24883.o /tmp/vpx-conf-239112-24883.c
/tmp/vpx-conf-239112-24883.c:1:15: warning: return type defaults to ‘int’ [-Wimplicit-int]
    1 | static inline function() {}
      |               ^~~~~~~~
check_header pthread.h
check_cpp
BEGIN /tmp/vpx-conf-239112-24883.c
     1	#include "pthread.h"
     2	int x;
END /tmp/vpx-conf-239112-24883.c
gcc -m64 -DNDEBUG -O3 -U_FORTIFY_SOURCE -D_FORTIFY_SOURCE=0 -E -o /tmp/vpx-conf-239112-24883.o /tmp/vpx-conf-239112-24883.c
check_lib -lpthread
check_cc -lpthread
BEGIN /tmp/vpx-conf-239112-24883.c
     1	#include <pthread.h>
     2	#include <stddef.h>
     3	int main(void) { return pthread_create(NULL, NULL, NULL, NULL); }
END /tmp/vpx-conf-239112-24883.c
gcc -m64 -DNDEBUG -O3 -U_FORTIFY_SOURCE -D_FORTIFY_SOURCE=0 -lpthread -c -o /tmp/vpx-conf-239112-24883.o /tmp/vpx-conf-239112-24883.c
gcc -m64 -o /tmp/vpx-conf-239112-24883.x /tmp/vpx-conf-239112-24883.o -lpthread
check_cxxflags -Wall
check_cxx -Werror -Wall
BEGIN /tmp/vpx-conf-239112-24883.cc
     1	int x;
END /tmp/vpx-conf-239112-24883.cc
g++ -m64 -DNDEBUG -O3 -U_FORTIFY_SOURCE -D_FORTIFY_SOURCE=0 -D_LARGEFILE_SOURCE -D_FILE_OFFSET_BITS=64 -Werror -Wall -c -o /tmp/vpx-conf-239112-24883.o /tmp/vpx-conf-239112-24883.cc
check_cflags -Wall
check_cc -Werror -Wall
BEGIN /tmp/vpx-conf-239112-24883.c
     1	int x;
END /tmp/vpx-conf-239112-24883.c
gcc -m64 -DNDEBUG -O3 -U_FORTIFY_SOURCE -D_FORTIFY_SOURCE=0 -D_LARGEFILE_SOURCE -D_FILE_OFFSET_BITS=64 -Werror -Wall -c -o /tmp/vpx-conf-239112-24883.o /tmp/vpx-conf-239112-24883.c
check_cxxflags -Wdeclaration-after-statement
check_cxx -Werror -Wdeclaration-after-statement
BEGIN /tmp/vpx-conf-239112-24883.cc
     1	int x;
END /tmp/vpx-conf-239112-24883.cc
g++ -m64 -DNDEBUG -O3 -U_FORTIFY_SOURCE -D_FORTIFY_SOURCE=0 -D_LARGEFILE_SOURCE -D_FILE_OFFSET_BITS=64 -Wall -Werror -Wdeclaration-after-statement -c -o /tmp/vpx-conf-239112-24883.o /tmp/vpx-conf-239112-24883.cc
cc1plus: error: command-line option ‘-Wdeclaration-after-statement’ is valid for C/ObjC but not for C++ [-Werror]
cc1plus: all warnings being treated as errors
check_cflags -Wdeclaration-after-statement
check_cc -Werror -Wdeclaration-after-statement
BEGIN /tmp/vpx-conf-239112-24883.c
     1	int x;
END /tmp/vpx-conf-239112-24883.c
gcc -m64 -DNDEBUG -O3 -U_FORTIFY_SOURCE -D_FORTIFY_SOURCE=0 -D_LARGEFILE_SOURCE -D_FILE_OFFSET_BITS=64 -Wall -Werror -Wdeclaration-after-statement -c -o /tmp/vpx-conf-239112-24883.o /tmp/vpx-conf-239112-24883.c
check_cxxflags -Wdisabled-optimization
check_cxx -Werror -Wdisabled-optimization
BEGIN /tmp/vpx-conf-239112-24883.cc
     1	int x;
END /tmp/vpx-conf-239112-24883.cc
g++ -m64 -DNDEBUG -O3 -U_FORTIFY_SOURCE -D_FORTIFY_SOURCE=0 -D_LARGEFILE_SOURCE -D_FILE_OFFSET_BITS=64 -Wall -Werror -Wdisabled-optimization -c -o /tmp/vpx-conf-239112-24883.o /tmp/vpx-conf-239112-24883.cc
check_cflags -Wdisabled-optimization
check_cc -Werror -Wdisabled-optimization
BEGIN /tmp/vpx-conf-239112-24883.c
     1	int x;
END /tmp/vpx-conf-239112-24883.c
gcc -m64 -DNDEBUG -O3 -U_FORTIFY_SOURCE -D_FORTIFY_SOURCE=0 -D_LARGEFILE_SOURCE -D_FILE_OFFSET_BITS=64 -Wall -Wdeclaration-after-statement -Werror -Wdisabled-optimization -c -o /tmp/vpx-conf-239112-24883.o /tmp/vpx-conf-239112-24883.c
check_cxxflags -Wextra-semi
check_cxx -Werror -Wextra-semi
BEGIN /tmp/vpx-conf-239112-24883.cc
     1	int x;
END /tmp/vpx-conf-239112-24883.cc
g++ -m64 -DNDEBUG -O3 -U_FORTIFY_SOURCE -D_FORTIFY_SOURCE=0 -D_LARGEFILE_SOURCE -D_FILE_OFFSET_BITS=64 -Wall -Wdisabled-optimization -Werror -Wextra-semi -c -o /tmp/vpx-conf-239112-24883.o /tmp/vpx-conf-239112-24883.cc
check_cflags -Wextra-semi
check_cc -Werror -Wextra-semi
BEGIN /tmp/vpx-conf-239112-24883.c
     1	int x;
END /tmp/vpx-conf-239112-24883.c
gcc -m64 -DNDEBUG -O3 -U_FORTIFY_SOURCE -D_FORTIFY_SOURCE=0 -D_LARGEFILE_SOURCE -D_FILE_OFFSET_BITS=64 -Wall -Wdeclaration-after-statement -Wdisabled-optimization -Werror -Wextra-semi -c -o /tmp/vpx-conf-239112-24883.o /tmp/vpx-conf-239112-24883.c
cc1: error: command-line option ‘-Wextra-semi’ is valid for C++/ObjC++ but not for C [-Werror]
cc1: all warnings being treated as errors
check_cxxflags -Wextra-semi-stmt
check_cxx -Werror -Wextra-semi-stmt
BEGIN /tmp/vpx-conf-239112-24883.cc
     1	int x;
END /tmp/vpx-conf-239112-24883.cc
g++ -m64 -DNDEBUG -O3 -U_FORTIFY_SOURCE -D_FORTIFY_SOURCE=0 -D_LARGEFILE_SOURCE -D_FILE_OFFSET_BITS=64 -Wall -Wdisabled-optimization -Wextra-semi -Werror -Wextra-semi-stmt -c -o /tmp/vpx-conf-239112-24883.o /tmp/vpx-conf-239112-24883.cc
g++: error: unrecognized command-line option ‘-Wextra-semi-stmt’; did you mean ‘-Wextra-semi’?
check_cflags -Wextra-semi-stmt
check_cc -Werror -Wextra-semi-stmt
BEGIN /tmp/vpx-conf-239112-24883.c
     1	int x;
END /tmp/vpx-conf-239112-24883.c
gcc -m64 -DNDEBUG -O3 -U_FORTIFY_SOURCE -D_FORTIFY_SOURCE=0 -D_LARGEFILE_SOURCE -D_FILE_OFFSET_BITS=64 -Wall -Wdeclaration-after-statement -Wdisabled-optimization -Werror -Wextra-semi-stmt -c -o /tmp/vpx-conf-239112-24883.o /tmp/vpx-conf-239112-24883.c
gcc: error: unrecognized command-line option ‘-Wextra-semi-stmt’; did you mean ‘-Wextra-semi’?
check_cxxflags -Wfloat-conversion
check_cxx -Werror -Wfloat-conversion
BEGIN /tmp/vpx-conf-239112-24883.cc
     1	int x;
END /tmp/vpx-conf-239112-24883.cc
g++ -m64 -DNDEBUG -O3 -U_FORTIFY_SOURCE -D_FORTIFY_SOURCE=0 -D_LARGEFILE_SOURCE -D_FILE_OFFSET_BITS=64 -Wall -Wdisabled-optimization -Wextra-semi -Werror -Wfloat-conversion -c -o /tmp/vpx-conf-239112-24883.o /tmp/vpx-conf-239112-24883.cc
check_cflags -Wfloat-conversion
check_cc -Werror -Wfloat-conversion
BEGIN /tmp/vpx-conf-239112-24883.c
     1	int x;
END /tmp/vpx-conf-239112-24883.c
gcc -m64 -DNDEBUG -O3 -U_FORTIFY_SOURCE -D_FORTIFY_SOURCE=0 -D_LARGEFILE_SOURCE -D_FILE_OFFSET_BITS=64 -Wall -Wdeclaration-after-statement -Wdisabled-optimization -Werror -Wfloat-conversion -c -o /tmp/vpx-conf-239112-24883.o /tmp/vpx-conf-239112-24883.c
check_cxxflags -Wformat=2
check_cxx -Werror -Wformat=2
BEGIN /tmp/vpx-conf-239112-24883.cc
     1	int x;
END /tmp/vpx-conf-239112-24883.cc
g++ -m64 -DNDEBUG -O3 -U_FORTIFY_SOURCE -D_FORTIFY_SOURCE=0 -D_LARGEFILE_SOURCE -D_FILE_OFFSET_BITS=64 -Wall -Wdisabled-optimization -Wextra-semi -Wfloat-conversion -Werror -Wformat=2 -c -o /tmp/vpx-conf-239112-24883.o /tmp/vpx-conf-239112-24883.cc
check_cflags -Wformat=2
check_cc -Werror -Wformat=2
BEGIN /tmp/vpx-conf-239112-24883.c
     1	int x;
END /tmp/vpx-conf-239112-24883.c
gcc -m64 -DNDEBUG -O3 -U_FORTIFY_SOURCE -D_FORTIFY_SOURCE=0 -D_LARGEFILE_SOURCE -D_FILE_OFFSET_BITS=64 -Wall -Wdeclaration-after-statement -Wdisabled-optimization -Wfloat-conversion -Werror -Wformat=2 -c -o /tmp/vpx-conf-239112-24883.o /tmp/vpx-conf-239112-24883.c
check_cxxflags -Wparentheses-equality
check_cxx -Werror -Wparentheses-equality
BEGIN /tmp/vpx-conf-239112-24883.cc
     1	int x;
END /tmp/vpx-conf-239112-24883.cc
g++ -m64 -DNDEBUG -O3 -U_FORTIFY_SOURCE -D_FORTIFY_SOURCE=0 -D_LARGEFILE_SOURCE -D_FILE_OFFSET_BITS=64 -Wall -Wdisabled-optimization -Wextra-semi -Wfloat-conversion -Wformat=2 -Werror -Wparentheses-equality -c -o /tmp/vpx-conf-239112-24883.o /tmp/vpx-conf-239112-24883.cc
g++: error: unrecognized command-line option ‘-Wparentheses-equality’
check_cflags -Wparentheses-equality
check_cc -Werror -Wparentheses-equality
BEGIN /tmp/vpx-conf-239112-24883.c
     1	int x;
END /tmp/vpx-conf-239112-24883.c
gcc -m64 -DNDEBUG -O3 -U_FORTIFY_SOURCE -D_FORTIFY_SOURCE=0 -D_LARGEFILE_SOURCE -D_FILE_OFFSET_BITS=64 -Wall -Wdeclaration-after-statement -Wdisabled-optimization -Wfloat-conversion -Wformat=2 -Werror -Wparentheses-equality -c -o /tmp/vpx-conf-239112-24883.o /tmp/vpx-conf-239112-24883.c
gcc: error: unrecognized command-line option ‘-Wparentheses-equality’
check_cxxflags -Wpointer-arith
check_cxx -Werror -Wpointer-arith
BEGIN /tmp/vpx-conf-239112-24883.cc
     1	int x;
END /tmp/vpx-conf-239112-24883.cc
g++ -m64 -DNDEBUG -O3 -U_FORTIFY_SOURCE -D_FORTIFY_SOURCE=0 -D_LARGEFILE_SOURCE -D_FILE_OFFSET_BITS=64 -Wall -Wdisabled-optimization -Wextra-semi -Wfloat-conversion -Wformat=2 -Werror -Wpointer-arith -c -o /tmp/vpx-conf-239112-24883.o /tmp/vpx-conf-239112-24883.cc
check_cflags -Wpointer-arith
check_cc -Werror -Wpointer-arith
BEGIN /tmp/vpx-conf-239112-24883.c
     1	int x;
END /tmp/vpx-conf-239112-24883.c
gcc -m64 -DNDEBUG -O3 -U_FORTIFY_SOURCE -D_FORTIFY_SOURCE=0 -D_LARGEFILE_SOURCE -D_FILE_OFFSET_BITS=64 -Wall -Wdeclaration-after-statement -Wdisabled-optimization -Wfloat-conversion -Wformat=2 -Werror -Wpointer-arith -c -o /tmp/vpx-conf-239112-24883.o /tmp/vpx-conf-239112-24883.c
check_cxxflags -Wtype-limits
check_cxx -Werror -Wtype-limits
BEGIN /tmp/vpx-conf-239112-24883.cc
     1	int x;
END /tmp/vpx-conf-239112-24883.cc
g++ -m64 -DNDEBUG -O3 -U_FORTIFY_SOURCE -D_FORTIFY_SOURCE=0 -D_LARGEFILE_SOURCE -D_FILE_OFFSET_BITS=64 -Wall -Wdisabled-optimization -Wextra-semi -Wfloat-conversion -Wformat=2 -Wpointer-arith -Werror -Wtype-limits -c -o /tmp/vpx-conf-239112-24883.o /tmp/vpx-conf-239112-24883.cc
check_cflags -Wtype-limits
check_cc -Werror -Wtype-limits
BEGIN /tmp/vpx-conf-239112-24883.c
     1	int x;
END /tmp/vpx-conf-239112-24883.c
gcc -m64 -DNDEBUG -O3 -U_FORTIFY_SOURCE -D_FORTIFY_SOURCE=0 -D_LARGEFILE_SOURCE -D_FILE_OFFSET_BITS=64 -Wall -Wdeclaration-after-statement -Wdisabled-optimization -Wfloat-conversion -Wformat=2 -Wpointer-arith -Werror -Wtype-limits -c -o /tmp/vpx-conf-239112-24883.o /tmp/vpx-conf-239112-24883.c
check_cxxflags -Wcast-qual
check_cxx -Werror -Wcast-qual
BEGIN /tmp/vpx-conf-239112-24883.cc
     1	int x;
END /tmp/vpx-conf-239112-24883.cc
g++ -m64 -DNDEBUG -O3 -U_FORTIFY_SOURCE -D_FORTIFY_SOURCE=0 -D_LARGEFILE_SOURCE -D_FILE_OFFSET_BITS=64 -Wall -Wdisabled-optimization -Wextra-semi -Wfloat-conversion -Wformat=2 -Wpointer-arith -Wtype-limits -Werror -Wcast-qual -c -o /tmp/vpx-conf-239112-24883.o /tmp/vpx-conf-239112-24883.cc
check_cflags -Wcast-qual
check_cc -Werror -Wcast-qual
BEGIN /tmp/vpx-conf-239112-24883.c
     1	int x;
END /tmp/vpx-conf-239112-24883.c
gcc -m64 -DNDEBUG -O3 -U_FORTIFY_SOURCE -D_FORTIFY_SOURCE=0 -D_LARGEFILE_SOURCE -D_FILE_OFFSET_BITS=64 -Wall -Wdeclaration-after-statement -Wdisabled-optimization -Wfloat-conversion -Wformat=2 -Wpointer-arith -Wtype-limits -Werror -Wcast-qual -c -o /tmp/vpx-conf-239112-24883.o /tmp/vpx-conf-239112-24883.c
check_cxxflags -Wvla
check_cxx -Werror -Wvla
BEGIN /tmp/vpx-conf-239112-24883.cc
     1	int x;
END /tmp/vpx-conf-239112-24883.cc
g++ -m64 -DNDEBUG -O3 -U_FORTIFY_SOURCE -D_FORTIFY_SOURCE=0 -D_LARGEFILE_SOURCE -D_FILE_OFFSET_BITS=64 -Wall -Wdisabled-optimization -Wextra-semi -Wfloat-conversion -Wformat=2 -Wpointer-arith -Wtype-limits -Wcast-qual -Werror -Wvla -c -o /tmp/vpx-conf-239112-24883.o /tmp/vpx-conf-239112-24883.cc
check_cflags -Wvla
check_cc -Werror -Wvla
BEGIN /tmp/vpx-conf-239112-24883.c
     1	int x;
END /tmp/vpx-conf-239112-24883.c
gcc -m64 -DNDEBUG -O3 -U_FORTIFY_SOURCE -D_FORTIFY_SOURCE=0 -D_LARGEFILE_SOURCE -D_FILE_OFFSET_BITS=64 -Wall -Wdeclaration-after-statement -Wdisabled-optimization -Wfloat-conversion -Wformat=2 -Wpointer-arith -Wtype-limits -Wcast-qual -Werror -Wvla -c -o /tmp/vpx-conf-239112-24883.o /tmp/vpx-conf-239112-24883.c
check_cxxflags -Wimplicit-function-declaration
check_cxx -Werror -Wimplicit-function-declaration
BEGIN /tmp/vpx-conf-239112-24883.cc
     1	int x;
END /tmp/vpx-conf-239112-24883.cc
g++ -m64 -DNDEBUG -O3 -U_FORTIFY_SOURCE -D_FORTIFY_SOURCE=0 -D_LARGEFILE_SOURCE -D_FILE_OFFSET_BITS=64 -Wall -Wdisabled-optimization -Wextra-semi -Wfloat-conversion -Wformat=2 -Wpointer-arith -Wtype-limits -Wcast-qual -Wvla -Werror -Wimplicit-function-declaration -c -o /tmp/vpx-conf-239112-24883.o /tmp/vpx-conf-239112-24883.cc
cc1plus: error: command-line option ‘-Wimplicit-function-declaration’ is valid for C/ObjC but not for C++ [-Werror]
cc1plus: all warnings being treated as errors
check_cflags -Wimplicit-function-declaration
check_cc -Werror -Wimplicit-function-declaration
BEGIN /tmp/vpx-conf-239112-24883.c
     1	int x;
END /tmp/vpx-conf-239112-24883.c
gcc -m64 -DNDEBUG -O3 -U_FORTIFY_SOURCE -D_FORTIFY_SOURCE=0 -D_LARGEFILE_SOURCE -D_FILE_OFFSET_BITS=64 -Wall -Wdeclaration-after-statement -Wdisabled-optimization -Wfloat-conversion -Wformat=2 -Wpointer-arith -Wtype-limits -Wcast-qual -Wvla -Werror -Wimplicit-function-declaration -c -o /tmp/vpx-conf-239112-24883.o /tmp/vpx-conf-239112-24883.c
check_cxxflags -Wmissing-declarations
check_cxx -Werror -Wmissing-declarations
BEGIN /tmp/vpx-conf-239112-24883.cc
     1	int x;
END /tmp/vpx-conf-239112-24883.cc
g++ -m64 -DNDEBUG -O3 -U_FORTIFY_SOURCE -D_FORTIFY_SOURCE=0 -D_LARGEFILE_SOURCE -D_FILE_OFFSET_BITS=64 -Wall -Wdisabled-optimization -Wextra-semi -Wfloat-conversion -Wformat=2 -Wpointer-arith -Wtype-limits -Wcast-qual -Wvla -Werror -Wmissing-declarations -c -o /tmp/vpx-conf-239112-24883.o /tmp/vpx-conf-239112-24883.cc
check_cflags -Wmissing-declarations
check_cc -Werror -Wmissing-declarations
BEGIN /tmp/vpx-conf-239112-24883.c
     1	int x;
END /tmp/vpx-conf-239112-24883.c
gcc -m64 -DNDEBUG -O3 -U_FORTIFY_SOURCE -D_FORTIFY_SOURCE=0 -D_LARGEFILE_SOURCE -D_FILE_OFFSET_BITS=64 -Wall -Wdeclaration-after-statement -Wdisabled-optimization -Wfloat-conversion -Wformat=2 -Wpointer-arith -Wtype-limits -Wcast-qual -Wvla -Wimplicit-function-declaration -Werror -Wmissing-declarations -c -o /tmp/vpx-conf-239112-24883.o /tmp/vpx-conf-239112-24883.c
check_cxxflags -Wmissing-prototypes
check_cxx -Werror -Wmissing-prototypes
BEGIN /tmp/vpx-conf-239112-24883.cc
     1	int x;
END /tmp/vpx-conf-239112-24883.cc
g++ -m64 -DNDEBUG -O3 -U_FORTIFY_SOURCE -D_FORTIFY_SOURCE=0 -D_LARGEFILE_SOURCE -D_FILE_OFFSET_BITS=64 -Wall -Wdisabled-optimization -Wextra-semi -Wfloat-conversion -Wformat=2 -Wpointer-arith -Wtype-limits -Wcast-qual -Wvla -Wmissing-declarations -Werror -Wmissing-prototypes -c -o /tmp/vpx-conf-239112-24883.o /tmp/vpx-conf-239112-24883.cc
cc1plus: error: command-line option ‘-Wmissing-prototypes’ is valid for C/ObjC but not for C++ [-Werror]
cc1plus: all warnings being treated as errors
check_cflags -Wmissing-prototypes
check_cc -Werror -Wmissing-prototypes
BEGIN /tmp/vpx-conf-239112-24883.c
     1	int x;
END /tmp/vpx-conf-239112-24883.c
gcc -m64 -DNDEBUG -O3 -U_FORTIFY_SOURCE -D_FORTIFY_SOURCE=0 -D_LARGEFILE_SOURCE -D_FILE_OFFSET_BITS=64 -Wall -Wdeclaration-after-statement -Wdisabled-optimization -Wfloat-conversion -Wformat=2 -Wpointer-arith -Wtype-limits -Wcast-qual -Wvla -Wimplicit-function-declaration -Wmissing-declarations -Werror -Wmissing-prototypes -c -o /tmp/vpx-conf-239112-24883.o /tmp/vpx-conf-239112-24883.c
check_cxxflags -Wuninitialized
check_cxx -Werror -Wuninitialized
BEGIN /tmp/vpx-conf-239112-24883.cc
     1	int x;
END /tmp/vpx-conf-239112-24883.cc
g++ -m64 -DNDEBUG -O3 -U_FORTIFY_SOURCE -D_FORTIFY_SOURCE=0 -D_LARGEFILE_SOURCE -D_FILE_OFFSET_BITS=64 -Wall -Wdisabled-optimization -Wextra-semi -Wfloat-conversion -Wformat=2 -Wpointer-arith -Wtype-limits -Wcast-qual -Wvla -Wmissing-declarations -Werror -Wuninitialized -c -o /tmp/vpx-conf-239112-24883.o /tmp/vpx-conf-239112-24883.cc
check_cflags -Wuninitialized
check_cc -Werror -Wuninitialized
BEGIN /tmp/vpx-conf-239112-24883.c
     1	int x;
END /tmp/vpx-conf-239112-24883.c
gcc -m64 -DNDEBUG -O3 -U_FORTIFY_SOURCE -D_FORTIFY_SOURCE=0 -D_LARGEFILE_SOURCE -D_FILE_OFFSET_BITS=64 -Wall -Wdeclaration-after-statement -Wdisabled-optimization -Wfloat-conversion -Wformat=2 -Wpointer-arith -Wtype-limits -Wcast-qual -Wvla -Wimplicit-function-declaration -Wmissing-declarations -Wmissing-prototypes -Werror -Wuninitialized -c -o /tmp/vpx-conf-239112-24883.o /tmp/vpx-conf-239112-24883.c
check_cxxflags -Wunreachable-code-loop-increment
check_cxx -Werror -Wunreachable-code-loop-increment
BEGIN /tmp/vpx-conf-239112-24883.cc
     1	int x;
END /tmp/vpx-conf-239112-24883.cc
g++ -m64 -DNDEBUG -O3 -U_FORTIFY_SOURCE -D_FORTIFY_SOURCE=0 -D_LARGEFILE_SOURCE -D_FILE_OFFSET_BITS=64 -Wall -Wdisabled-optimization -Wextra-semi -Wfloat-conversion -Wformat=2 -Wpointer-arith -Wtype-limits -Wcast-qual -Wvla -Wmissing-declarations -Wuninitialized -Werror -Wunreachable-code-loop-increment -c -o /tmp/vpx-conf-239112-24883.o /tmp/vpx-conf-239112-24883.cc
g++: error: unrecognized command-line option ‘-Wunreachable-code-loop-increment’
check_cflags -Wunreachable-code-loop-increment
check_cc -Werror -Wunreachable-code-loop-increment
BEGIN /tmp/vpx-conf-239112-24883.c
     1	int x;
END /tmp/vpx-conf-239112-24883.c
gcc -m64 -DNDEBUG -O3 -U_FORTIFY_SOURCE -D_FORTIFY_SOURCE=0 -D_LARGEFILE_SOURCE -D_FILE_OFFSET_BITS=64 -Wall -Wdeclaration-after-statement -Wdisabled-optimization -Wfloat-conversion -Wformat=2 -Wpointer-arith -Wtype-limits -Wcast-qual -Wvla -Wimplicit-function-declaration -Wmissing-declarations -Wmissing-prototypes -Wuninitialized -Werror -Wunreachable-code-loop-increment -c -o /tmp/vpx-conf-239112-24883.o /tmp/vpx-conf-239112-24883.c
gcc: error: unrecognized command-line option ‘-Wunreachable-code-loop-increment’
check_cxxflags -Wunused
check_cxx -Werror -Wunused
BEGIN /tmp/vpx-conf-239112-24883.cc
     1	int x;
END /tmp/vpx-conf-239112-24883.cc
g++ -m64 -DNDEBUG -O3 -U_FORTIFY_SOURCE -D_FORTIFY_SOURCE=0 -D_LARGEFILE_SOURCE -D_FILE_OFFSET_BITS=64 -Wall -Wdisabled-optimization -Wextra-semi -Wfloat-conversion -Wformat=2 -Wpointer-arith -Wtype-limits -Wcast-qual -Wvla -Wmissing-declarations -Wuninitialized -Werror -Wunused -c -o /tmp/vpx-conf-239112-24883.o /tmp/vpx-conf-239112-24883.cc
check_cflags -Wunused
check_cc -Werror -Wunused
BEGIN /tmp/vpx-conf-239112-24883.c
     1	int x;
END /tmp/vpx-conf-239112-24883.c
gcc -m64 -DNDEBUG -O3 -U_FORTIFY_SOURCE -D_FORTIFY_SOURCE=0 -D_LARGEFILE_SOURCE -D_FILE_OFFSET_BITS=64 -Wall -Wdeclaration-after-statement -Wdisabled-optimization -Wfloat-conversion -Wformat=2 -Wpointer-arith -Wtype-limits -Wcast-qual -Wvla -Wimplicit-function-declaration -Wmissing-declarations -Wmissing-prototypes -Wuninitialized -Werror -Wunused -c -o /tmp/vpx-conf-239112-24883.o /tmp/vpx-conf-239112-24883.c
check_cxxflags -Wextra
check_cxx -Werror -Wextra
BEGIN /tmp/vpx-conf-239112-24883.cc
     1	int x;
END /tmp/vpx-conf-239112-24883.cc
g++ -m64 -DNDEBUG -O3 -U_FORTIFY_SOURCE -D_FORTIFY_SOURCE=0 -D_LARGEFILE_SOURCE -D_FILE_OFFSET_BITS=64 -Wall -Wdisabled-optimization -Wextra-semi -Wfloat-conversion -Wformat=2 -Wpointer-arith -Wtype-limits -Wcast-qual -Wvla -Wmissing-declarations -Wuninitialized -Wunused -Werror -Wextra -c -o /tmp/vpx-conf-239112-24883.o /tmp/vpx-conf-239112-24883.cc
check_cflags -Wextra
check_cc -Werror -Wextra
BEGIN /tmp/vpx-conf-239112-24883.c
     1	int x;
END /tmp/vpx-conf-239112-24883.c
gcc -m64 -DNDEBUG -O3 -U_FORTIFY_SOURCE -D_FORTIFY_SOURCE=0 -D_LARGEFILE_SOURCE -D_FILE_OFFSET_BITS=64 -Wall -Wdeclaration-after-statement -Wdisabled-optimization -Wfloat-conversion -Wformat=2 -Wpointer-arith -Wtype-limits -Wcast-qual -Wvla -Wimplicit-function-declaration -Wmissing-declarations -Wmissing-prototypes -Wuninitialized -Wunused -Werror -Wextra -c -o /tmp/vpx-conf-239112-24883.o /tmp/vpx-conf-239112-24883.c
check_cflags -Wundef
check_cc -Werror -Wundef
BEGIN /tmp/vpx-conf-239112-24883.c
     1	int x;
END /tmp/vpx-conf-239112-24883.c
gcc -m64 -DNDEBUG -O3 -U_FORTIFY_SOURCE -D_FORTIFY_SOURCE=0 -D_LARGEFILE_SOURCE -D_FILE_OFFSET_BITS=64 -Wall -Wdeclaration-after-statement -Wdisabled-optimization -Wfloat-conversion -Wformat=2 -Wpointer-arith -Wtype-limits -Wcast-qual -Wvla -Wimplicit-function-declaration -Wmissing-declarations -Wmissing-prototypes -Wuninitialized -Wunused -Wextra -Werror -Wundef -c -o /tmp/vpx-conf-239112-24883.o /tmp/vpx-conf-239112-24883.c
check_cflags -Wframe-larger-than=52000
check_cc -Werror -Wframe-larger-than=52000
BEGIN /tmp/vpx-conf-239112-24883.c
     1	int x;
END /tmp/vpx-conf-239112-24883.c
gcc -m64 -DNDEBUG -O3 -U_FORTIFY_SOURCE -D_FORTIFY_SOURCE=0 -D_LARGEFILE_SOURCE -D_FILE_OFFSET_BITS=64 -Wall -Wdeclaration-after-statement -Wdisabled-optimization -Wfloat-conversion -Wformat=2 -Wpointer-arith -Wtype-limits -Wcast-qual -Wvla -Wimplicit-function-declaration -Wmissing-declarations -Wmissing-prototypes -Wuninitialized -Wunused -Wextra -Wundef -Werror -Wframe-larger-than=52000 -c -o /tmp/vpx-conf-239112-24883.o /tmp/vpx-conf-239112-24883.c
check_cflags -std=gnu89
check_cc -Werror -std=gnu89
BEGIN /tmp/vpx-conf-239112-24883.c
     1	int x;
END /tmp/vpx-conf-239112-24883.c
gcc -m64 -DNDEBUG -O3 -U_FORTIFY_SOURCE -D_FORTIFY_SOURCE=0 -D_LARGEFILE_SOURCE -D_FILE_OFFSET_BITS=64 -Wall -Wdeclaration-after-statement -Wdisabled-optimization -Wfloat-conversion -Wformat=2 -Wpointer-arith -Wtype-limits -Wcast-qual -Wvla -Wimplicit-function-declaration -Wmissing-declarations -Wmissing-prototypes -Wuninitialized -Wunused -Wextra -Wundef -Wframe-larger-than=52000 -Werror -std=gnu89 -c -o /tmp/vpx-conf-239112-24883.o /tmp/vpx-conf-239112-24883.c
check_cflags -Wshorten-64-to-32
check_cc -Werror -Wshorten-64-to-32
BEGIN /tmp/vpx-conf-239112-24883.c
     1	int x;
END /tmp/vpx-conf-239112-24883.c
gcc -m64 -DNDEBUG -O3 -U_FORTIFY_SOURCE -D_FORTIFY_SOURCE=0 -D_LARGEFILE_SOURCE -D_FILE_OFFSET_BITS=64 -Wall -Wdeclaration-after-statement -Wdisabled-optimization -Wfloat-conversion -Wformat=2 -Wpointer-arith -Wtype-limits -Wcast-qual -Wvla -Wimplicit-function-declaration -Wmissing-declarations -Wmissing-prototypes -Wuninitialized -Wunused -Wextra -Wundef -Wframe-larger-than=52000 -std=gnu89 -Werror -Wshorten-64-to-32 -c -o /tmp/vpx-conf-239112-24883.o /tmp/vpx-conf-239112-24883.c
gcc: error: unrecognized command-line option ‘-Wshorten-64-to-32’
check_cxxflags -Wno-missing-declarations
check_cxx -Werror -Wno-missing-declarations
BEGIN /tmp/vpx-conf-239112-24883.cc
     1	int x;
END /tmp/vpx-conf-239112-24883.cc
g++ -m64 -DNDEBUG -O3 -U_FORTIFY_SOURCE -D_FORTIFY_SOURCE=0 -D_LARGEFILE_SOURCE -D_FILE_OFFSET_BITS=64 -Wall -Wdisabled-optimization -Wextra-semi -Wfloat-conversion -Wformat=2 -Wpointer-arith -Wtype-limits -Wcast-qual -Wvla -Wmissing-declarations -Wuninitialized -Wunused -Wextra -Werror -Wno-missing-declarations -c -o /tmp/vpx-conf-239112-24883.o /tmp/vpx-conf-239112-24883.cc
check_cxxflags -Wno-missing-prototypes
check_cxx -Werror -Wno-missing-prototypes
BEGIN /tmp/vpx-conf-239112-24883.cc
     1	int x;
END /tmp/vpx-conf-239112-24883.cc
g++ -m64 -DNDEBUG -O3 -U_FORTIFY_SOURCE -D_FORTIFY_SOURCE=0 -D_LARGEFILE_SOURCE -D_FILE_OFFSET_BITS=64 -Wall -Wdisabled-optimization -Wextra-semi -Wfloat-conversion -Wformat=2 -Wpointer-arith -Wtype-limits -Wcast-qual -Wvla -Wmissing-declarations -Wuninitialized -Wunused -Wextra -Werror -Wno-missing-prototypes -c -o /tmp/vpx-conf-239112-24883.o /tmp/vpx-conf-239112-24883.cc
cc1plus: error: command-line option ‘-Wno-missing-prototypes’ is valid for C/ObjC but not for C++ [-Werror]
cc1plus: all warnings being treated as errors
check_cxxflags -Wno-unused-parameter
check_cxx -Werror -Wno-unused-parameter
BEGIN /tmp/vpx-conf-239112-24883.cc
     1	int x;
END /tmp/vpx-conf-239112-24883.cc
g++ -m64 -DNDEBUG -O3 -U_FORTIFY_SOURCE -D_FORTIFY_SOURCE=0 -D_LARGEFILE_SOURCE -D_FILE_OFFSET_BITS=64 -Wall -Wdisabled-optimization -Wextra-semi -Wfloat-conversion -Wformat=2 -Wpointer-arith -Wtype-limits -Wcast-qual -Wvla -Wmissing-declarations -Wuninitialized -Wunused -Wextra -Werror -Wno-unused-parameter -c -o /tmp/vpx-conf-239112-24883.o /tmp/vpx-conf-239112-24883.cc
  enabling postproc
check_cxxflags -std=gnu++11
check_cxx -Werror -std=gnu++11
BEGIN /tmp/vpx-conf-239112-24883.cc
     1	int x;
END /tmp/vpx-conf-239112-24883.cc
g++ -m64 -DNDEBUG -O3 -U_FORTIFY_SOURCE -D_FORTIFY_SOURCE=0 -D_LARGEFILE_SOURCE -D_FILE_OFFSET_BITS=64 -Wall -Wdisabled-optimization -Wextra-semi -Wfloat-conversion -Wformat=2 -Wpointer-arith -Wtype-limits -Wcast-qual -Wvla -Wmissing-declarations -Wuninitialized -Wunused -Wextra -Werror -std=gnu++11 -c -o /tmp/vpx-conf-239112-24883.o /tmp/vpx-conf-239112-24883.cc
  enabling unit_tests
check_cxxflags -std=gnu++11
check_cxx -Werror -std=gnu++11
BEGIN /tmp/vpx-conf-239112-24883.cc
     1	int x;
END /tmp/vpx-conf-239112-24883.cc
g++ -m64 -DNDEBUG -O3 -U_FORTIFY_SOURCE -D_FORTIFY_SOURCE=0 -D_LARGEFILE_SOURCE -D_FILE_OFFSET_BITS=64 -Wall -Wdisabled-optimization -Wextra-semi -Wfloat-conversion -Wformat=2 -Wpointer-arith -Wtype-limits -Wcast-qual -Wvla -Wmissing-declarations -Wuninitialized -Wunused -Wextra -std=gnu++11 -Werror -std=gnu++11 -c -o /tmp/vpx-conf-239112-24883.o /tmp/vpx-conf-239112-24883.cc
  enabling webm_io
check_cxx
BEGIN /tmp/vpx-conf-239112-24883.cc
     1	int z;
END /tmp/vpx-conf-239112-24883.cc
g++ -m64 -DNDEBUG -O3 -U_FORTIFY_SOURCE -D_FORTIFY_SOURCE=0 -D_LARGEFILE_SOURCE -D_FILE_OFFSET_BITS=64 -Wall -Wdisabled-optimization -Wextra-semi -Wfloat-conversion -Wformat=2 -Wpointer-arith -Wtype-limits -Wcast-qual -Wvla -Wmissing-declarations -Wuninitialized -Wunused -Wextra -std=gnu++11 -std=gnu++11 -c -o /tmp/vpx-conf-239112-24883.o /tmp/vpx-conf-239112-24883.cc
  enabling libyuv
check_header stdio.h
check_cpp
BEGIN /tmp/vpx-conf-239112-24883.c
     1	#include "stdio.h"
     2	int x;
END /tmp/vpx-conf-239112-24883.c
gcc -m64 -DNDEBUG -O3 -U_FORTIFY_SOURCE -D_FORTIFY_SOURCE=0 -D_LARGEFILE_SOURCE -D_FILE_OFFSET_BITS=64 -Wall -Wdeclaration-after-statement -Wdisabled-optimization -Wfloat-conversion -Wformat=2 -Wpointer-arith -Wtype-limits -Wcast-qual -Wvla -Wimplicit-function-declaration -Wmissing-declarations -Wmissing-prototypes -Wuninitialized -Wunused -Wextra -Wundef -Wframe-larger-than=52000 -std=gnu89 -E -o /tmp/vpx-conf-239112-24883.o /tmp/vpx-conf-239112-24883.c
check_ld
check_cc
BEGIN /tmp/vpx-conf-239112-24883.c
     1	int main(void) {return 0;}
END /tmp/vpx-conf-239112-24883.c
gcc -m64 -DNDEBUG -O3 -U_FORTIFY_SOURCE -D_FORTIFY_SOURCE=0 -D_LARGEFILE_SOURCE -D_FILE_OFFSET_BITS=64 -Wall -Wdeclaration-after-statement -Wdisabled-optimization -Wfloat-conversion -Wformat=2 -Wpointer-arith -Wtype-limits -Wcast-qual -Wvla -Wimplicit-function-declaration -Wmissing-declarations -Wmissing-prototypes -Wuninitialized -Wunused -Wextra -Wundef -Wframe-larger-than=52000 -std=gnu89 -c -o /tmp/vpx-conf-239112-24883.o /tmp/vpx-conf-239112-24883.c
g++ -m64 -o /tmp/vpx-conf-239112-24883.x /tmp/vpx-conf-239112-24883.o -lpthread
check_header pthread.h
check_cpp
BEGIN /tmp/vpx-conf-239112-24883.c
     1	#include "pthread.h"
     2	int x;
END /tmp/vpx-conf-239112-24883.c
gcc -m64 -DNDEBUG -O3 -U_FORTIFY_SOURCE -D_FORTIFY_SOURCE=0 -D_LARGEFILE_SOURCE -D_FILE_OFFSET_BITS=64 -Wall -Wdeclaration-after-statement -Wdisabled-optimization -Wfloat-conversion -Wformat=2 -Wpointer-arith -Wtype-limits -Wcast-qual -Wvla -Wimplicit-function-declaration -Wmissing-declarations -Wmissing-prototypes -Wuninitialized -Wunused -Wextra -Wundef -Wframe-larger-than=52000 -std=gnu89 -E -o /tmp/vpx-conf-239112-24883.o /tmp/vpx-conf-239112-24883.c
check_lib -lpthread
check_cc -lpthread
BEGIN /tmp/vpx-conf-239112-24883.c
     1	#include <pthread.h>
     2	#include <stddef.h>
     3	int main(void) { return pthread_create(NULL, NULL, NULL, NULL); }
END /tmp/vpx-conf-239112-24883.c
gcc -m64 -DNDEBUG -O3 -U_FORTIFY_SOURCE -D_FORTIFY_SOURCE=0 -D_LARGEFILE_SOURCE -D_FILE_OFFSET_BITS=64 -Wall -Wdeclaration-after-statement -Wdisabled-optimization -Wfloat-conversion -Wformat=2 -Wpointer-arith -Wtype-limits -Wcast-qual -Wvla -Wimplicit-function-declaration -Wmissing-declarations -Wmissing-prototypes -Wuninitialized -Wunused -Wextra -Wundef -Wframe-larger-than=52000 -std=gnu89 -lpthread -c -o /tmp/vpx-conf-239112-24883.o /tmp/vpx-conf-239112-24883.c
/tmp/vpx-conf-239112-24883.c: In function ‘main’:
/tmp/vpx-conf-239112-24883.c:3:25: warning: argument 1 null where non-null expected [-Wnonnull]
    3 | int main(void) { return pthread_create(NULL, NULL, NULL, NULL); }
      |                         ^~~~~~~~~~~~~~
In file included from /tmp/vpx-conf-239112-24883.c:1:
/usr/include/pthread.h:202:12: note: in a call to function ‘pthread_create’ declared ‘nonnull’
  202 | extern int pthread_create (pthread_t *__restrict __newthread,
      |            ^~~~~~~~~~~~~~
/tmp/vpx-conf-239112-24883.c:3:25: warning: argument 3 null where non-null expected [-Wnonnull]
    3 | int main(void) { return pthread_create(NULL, NULL, NULL, NULL); }
      |                         ^~~~~~~~~~~~~~
In file included from /tmp/vpx-conf-239112-24883.c:1:
/usr/include/pthread.h:202:12: note: in a call to function ‘pthread_create’ declared ‘nonnull’
  202 | extern int pthread_create (pthread_t *__restrict __newthread,
      |            ^~~~~~~~~~~~~~
g++ -m64 -o /tmp/vpx-conf-239112-24883.x /tmp/vpx-conf-239112-24883.o -lpthread -lpthread
check_header unistd.h
check_cpp
BEGIN /tmp/vpx-conf-239112-24883.c
     1	#include "unistd.h"
     2	int x;
END /tmp/vpx-conf-239112-24883.c
gcc -m64 -DNDEBUG -O3 -U_FORTIFY_SOURCE -D_FORTIFY_SOURCE=0 -D_LARGEFILE_SOURCE -D_FILE_OFFSET_BITS=64 -Wall -Wdeclaration-after-statement -Wdisabled-optimization -Wfloat-conversion -Wformat=2 -Wpointer-arith -Wtype-limits -Wcast-qual -Wvla -Wimplicit-function-declaration -Wmissing-declarations -Wmissing-prototypes -Wuninitialized -Wunused -Wextra -Wundef -Wframe-larger-than=52000 -std=gnu89 -E -o /tmp/vpx-conf-239112-24883.o /tmp/vpx-conf-239112-24883.c
check_header vpx/vpx_integer.h -I../libvpxsrc
check_cpp -I../libvpxsrc
BEGIN /tmp/vpx-conf-239112-24883.c
     1	#include "vpx/vpx_integer.h"
     2	int x;
END /tmp/vpx-conf-239112-24883.c
gcc -m64 -DNDEBUG -O3 -U_FORTIFY_SOURCE -D_FORTIFY_SOURCE=0 -D_LARGEFILE_SOURCE -D_FILE_OFFSET_BITS=64 -Wall -Wdeclaration-after-statement -Wdisabled-optimization -Wfloat-conversion -Wformat=2 -Wpointer-arith -Wtype-limits -Wcast-qual -Wvla -Wimplicit-function-declaration -Wmissing-declarations -Wmissing-prototypes -Wuninitialized -Wunused -Wextra -Wundef -Wframe-larger-than=52000 -std=gnu89 -I../libvpxsrc -E -o /tmp/vpx-conf-239112-24883.o /tmp/vpx-conf-239112-24883.c
